<?xml version="1.0" encoding="UTF-8"?>
<!-- Generated by org.testng.reporters.JUnitReportReporter -->
<testsuite hostname="PHL18DLLP72" name="com.appium.android.AndroidTest" tests="2" failures="0" timestamp="13 Sep 2016 11:54:29 GMT" time="103.702" errors="0">
  <testcase name="validateInvalidEmail" time="47.188" classname="com.appium.android.AndroidTest"/>
  <testcase name="validateInvalidEmail" time="56.514" classname="com.appium.android.AndroidTest"/>
</testsuite> <!-- com.appium.android.AndroidTest -->
