<?xml version="1.0" encoding="UTF-8"?>
<!-- Generated by org.testng.reporters.JUnitReportReporter -->
<testsuite hostname="PHL18DLLP72" name="com.appium.android.AndroidTest" tests="1" failures="0" timestamp="10 Sep 2016 18:32:15 GMT" time="56.391" errors="0">
  <testcase name="firstTestCase" time="56.391" classname="com.appium.android.AndroidTest"/>
</testsuite> <!-- com.appium.android.AndroidTest -->
