<?xml version="1.0" encoding="UTF-8"?>
<!-- Generated by org.testng.reporters.JUnitReportReporter -->
<testsuite hostname="PHL18DLLP72" name="com.app.android.AndroidTest" tests="1" failures="0" timestamp="12 Dec 2016 08:12:28 GMT" time="44.074" errors="0">
  <testcase name="DoNotEnterEmailPassword" time="44.074" classname="com.app.android.AndroidTest"/>
</testsuite> <!-- com.app.android.AndroidTest -->
